<?xml version="1.0" encoding="UTF-8" standalone="no"?>
<!DOCTYPE log SYSTEM "logger.dtd">
<log>
<record>
  <date>2019-10-21T20:36:37</date>
  <millis>1571670397513</millis>
  <sequence>0</sequence>
  <level>START</level>
  <class>com.kms.katalon.core.logging.XmlKeywordLogger</class>
  <method>startSuite</method>
  <thread>1</thread>
  <message>Start Test Suite : Test Suites/Users_SELL_INTRA_N_SL/Manohar_TS</message>
  <nestedLevel>0</nestedLevel>
  <property name="name">Manohar_TS</property>
  <property name="description"></property>
  <property name="id">Test Suites/Users_SELL_INTRA_N_SL/Manohar_TS</property>
</record>
<record>
  <date>2019-10-21T20:36:37</date>
  <millis>1571670397535</millis>
  <sequence>1</sequence>
  <level>RUN_DATA</level>
  <class>com.kms.katalon.core.logging.XmlKeywordLogger</class>
  <method>logMessage</method>
  <thread>1</thread>
  <message>hostName = Chandra-Kautilya - SHIV</message>
  <nestedLevel>0</nestedLevel>
  <property name="hostName">Chandra-Kautilya - SHIV</property>
</record>
<record>
  <date>2019-10-21T20:36:37</date>
  <millis>1571670397536</millis>
  <sequence>2</sequence>
  <level>RUN_DATA</level>
  <class>com.kms.katalon.core.logging.XmlKeywordLogger</class>
  <method>logMessage</method>
  <thread>1</thread>
  <message>os = Windows 8.1 64bit</message>
  <nestedLevel>0</nestedLevel>
  <property name="os">Windows 8.1 64bit</property>
</record>
<record>
  <date>2019-10-21T20:36:37</date>
  <millis>1571670397537</millis>
  <sequence>3</sequence>
  <level>RUN_DATA</level>
  <class>com.kms.katalon.core.logging.XmlKeywordLogger</class>
  <method>logMessage</method>
  <thread>1</thread>
  <message>hostAddress = 172.16.62.157</message>
  <nestedLevel>0</nestedLevel>
  <property name="hostAddress">172.16.62.157</property>
</record>
<record>
  <date>2019-10-21T20:36:37</date>
  <millis>1571670397538</millis>
  <sequence>4</sequence>
  <level>RUN_DATA</level>
  <class>com.kms.katalon.core.logging.XmlKeywordLogger</class>
  <method>logMessage</method>
  <thread>1</thread>
  <message>katalonVersion = 6.1.5.3</message>
  <nestedLevel>0</nestedLevel>
  <property name="katalonVersion">6.1.5.3</property>
</record>
<record>
  <date>2019-10-21T20:36:38</date>
  <millis>1571670398764</millis>
  <sequence>5</sequence>
  <level>START</level>
  <class>com.kms.katalon.core.logging.XmlKeywordLogger</class>
  <method>startTest</method>
  <thread>1</thread>
  <message>Start Test Case : Test Cases/Workflow/Workflow_SELL_INTRA_N_SL - Manohar</message>
  <nestedLevel>1</nestedLevel>
  <property name="name">Test Cases/Workflow/Workflow_SELL_INTRA_N_SL - Manohar</property>
  <property name="description"></property>
  <property name="id">Test Cases/Workflow/Workflow_SELL_INTRA_N_SL - Manohar</property>
  <property name="source">C:\\Users\\Chandra-Kautilya\\Katalon Studio\\AB_Framework\\Test Cases\\Workflow\\Workflow_SELL_INTRA_N_SL - Manohar.tc</property>
  <property name="tag"></property>
  <property name="isOptional">false</property>
</record>
<record>
  <date>2019-10-21T20:36:39</date>
  <millis>1571670399079</millis>
  <sequence>7</sequence>
  <level>INFO</level>
  <class>com.kms.katalon.core.logging.XmlKeywordLogger</class>
  <method>logMessage</method>
  <thread>1</thread>
  <message>(Default) OrderType_Sell_Buy = </message>
  <nestedLevel>1</nestedLevel>
</record>
<record>
  <date>2019-10-21T20:36:39</date>
  <millis>1571670399107</millis>
  <sequence>8</sequence>
  <level>INFO</level>
  <class>com.kms.katalon.core.logging.XmlKeywordLogger</class>
  <method>logMessage</method>
  <thread>1</thread>
  <message>(Default) OrderType_Normal_Stoploss = </message>
  <nestedLevel>1</nestedLevel>
</record>
<record>
  <date>2019-10-21T20:36:39</date>
  <millis>1571670399121</millis>
  <sequence>9</sequence>
  <level>INFO</level>
  <class>com.kms.katalon.core.logging.XmlKeywordLogger</class>
  <method>logMessage</method>
  <thread>1</thread>
  <message>(Default) TriggerPrice = </message>
  <nestedLevel>1</nestedLevel>
</record>
<record>
  <date>2019-10-21T20:36:39</date>
  <millis>1571670399132</millis>
  <sequence>10</sequence>
  <level>INFO</level>
  <class>com.kms.katalon.core.logging.XmlKeywordLogger</class>
  <method>logMessage</method>
  <thread>1</thread>
  <message>(Default) Symbol = </message>
  <nestedLevel>1</nestedLevel>
</record>
<record>
  <date>2019-10-21T20:36:39</date>
  <millis>1571670399175</millis>
  <sequence>11</sequence>
  <level>INFO</level>
  <class>com.kms.katalon.core.logging.XmlKeywordLogger</class>
  <method>logMessage</method>
  <thread>1</thread>
  <message>(Default) Quantity = </message>
  <nestedLevel>1</nestedLevel>
</record>
<record>
  <date>2019-10-21T20:36:39</date>
  <millis>1571670399187</millis>
  <sequence>12</sequence>
  <level>INFO</level>
  <class>com.kms.katalon.core.logging.XmlKeywordLogger</class>
  <method>logMessage</method>
  <thread>1</thread>
  <message>(Default) Price = </message>
  <nestedLevel>1</nestedLevel>
</record>
<record>
  <date>2019-10-21T20:36:39</date>
  <millis>1571670399206</millis>
  <sequence>13</sequence>
  <level>INFO</level>
  <class>com.kms.katalon.core.logging.XmlKeywordLogger</class>
  <method>logMessage</method>
  <thread>1</thread>
  <message>(Default) Disc_Qty = </message>
  <nestedLevel>1</nestedLevel>
</record>
<record>
  <date>2019-10-21T20:36:39</date>
  <millis>1571670399218</millis>
  <sequence>14</sequence>
  <level>INFO</level>
  <class>com.kms.katalon.core.logging.XmlKeywordLogger</class>
  <method>logMessage</method>
  <thread>1</thread>
  <message>(Default) ProductType_Del_Intra = </message>
  <nestedLevel>1</nestedLevel>
</record>
<record>
  <date>2019-10-21T20:36:39</date>
  <millis>1571670399229</millis>
  <sequence>15</sequence>
  <level>INFO</level>
  <class>com.kms.katalon.core.logging.XmlKeywordLogger</class>
  <method>logMessage</method>
  <thread>1</thread>
  <message>(Default) PriceType_L_SL = </message>
  <nestedLevel>1</nestedLevel>
</record>
<record>
  <date>2019-10-21T20:36:42</date>
  <millis>1571670402356</millis>
  <sequence>16</sequence>
  <level>START</level>
  <class>com.kms.katalon.core.logging.XmlKeywordLogger</class>
  <method>startKeyword</method>
  <thread>1</thread>
  <message>Start action : callTestCase(findTestCase(\&amp;quot;Logins/Login_Manohar\&amp;quot;), [\&amp;quot;userID\&amp;quot;:\&amp;quot;M137505\&amp;quot;, \&amp;quot;password\&amp;quot;:\&amp;quot;HHBM123hhbm\&amp;quot;], STOP_ON_FAILURE)</message>
  <nestedLevel>1</nestedLevel>
  <property name="startLine">17</property>
  <property name="stepIndex">1</property>
</record>
<record>
  <date>2019-10-21T20:36:42</date>
  <millis>1571670402605</millis>
  <sequence>19</sequence>
  <level>START</level>
  <class>com.kms.katalon.core.logging.XmlKeywordLogger</class>
  <method>startTest</method>
  <thread>1</thread>
  <message>Start Test Case : Test Cases/Logins/Login_Manohar</message>
  <nestedLevel>2</nestedLevel>
  <property name="name">Test Cases/Logins/Login_Manohar</property>
  <property name="description"></property>
  <property name="id">Test Cases/Logins/Login_Manohar</property>
  <property name="source">C:\\Users\\Chandra-Kautilya\\Katalon Studio\\AB_Framework\\Test Cases\\Logins\\Login_Manohar.tc</property>
  <property name="tag"></property>
  <property name="isOptional">false</property>
</record>
<record>
  <date>2019-10-21T20:36:42</date>
  <millis>1571670402619</millis>
  <sequence>21</sequence>
  <level>INFO</level>
  <class>com.kms.katalon.core.logging.XmlKeywordLogger</class>
  <method>logMessage</method>
  <thread>1</thread>
  <message>userID = M137505</message>
  <nestedLevel>2</nestedLevel>
</record>
<record>
  <date>2019-10-21T20:36:42</date>
  <millis>1571670402620</millis>
  <sequence>22</sequence>
  <level>INFO</level>
  <class>com.kms.katalon.core.logging.XmlKeywordLogger</class>
  <method>logMessage</method>
  <thread>1</thread>
  <message>password = HHBM123hhbm</message>
  <nestedLevel>2</nestedLevel>
</record>
<record>
  <date>2019-10-21T20:36:43</date>
  <millis>1571670403119</millis>
  <sequence>23</sequence>
  <level>START</level>
  <class>com.kms.katalon.core.logging.XmlKeywordLogger</class>
  <method>startKeyword</method>
  <thread>1</thread>
  <message>Start action : openBrowser(\&amp;quot;\&amp;quot;)</message>
  <nestedLevel>1</nestedLevel>
  <property name="startLine">17</property>
  <property name="stepIndex">1</property>
</record>
<record>
  <date>2019-10-21T20:36:43</date>
  <millis>1571670403595</millis>
  <sequence>25</sequence>
  <level>INFO</level>
  <class>com.kms.katalon.core.logging.XmlKeywordLogger</class>
  <method>logMessage</method>
  <thread>1</thread>
  <message>Starting &amp;apos;Chrome&amp;apos; driver</message>
  <nestedLevel>2</nestedLevel>
</record>
<record>
  <date>2019-10-21T20:36:43</date>
  <millis>1571670403657</millis>
  <sequence>26</sequence>
  <level>INFO</level>
  <class>com.kms.katalon.core.logging.XmlKeywordLogger</class>
  <method>logMessage</method>
  <thread>1</thread>
  <message>Action delay is set to 0 seconds</message>
  <nestedLevel>2</nestedLevel>
</record>
<record>
  <date>2019-10-21T20:36:47</date>
  <millis>1571670407707</millis>
  <sequence>28</sequence>
  <level>RUN_DATA</level>
  <class>com.kms.katalon.core.logging.XmlKeywordLogger</class>
  <method>logMessage</method>
  <thread>1</thread>
  <message>sessionId = f717bf1af0b2ef859f6552373c7de053</message>
  <nestedLevel>2</nestedLevel>
  <property name="sessionId">f717bf1af0b2ef859f6552373c7de053</property>
</record>
<record>
  <date>2019-10-21T20:36:47</date>
  <millis>1571670407726</millis>
  <sequence>29</sequence>
  <level>RUN_DATA</level>
  <class>com.kms.katalon.core.logging.XmlKeywordLogger</class>
  <method>logMessage</method>
  <thread>1</thread>
  <message>browser = Chrome 77.0.3865.120</message>
  <nestedLevel>2</nestedLevel>
  <property name="browser">Chrome 77.0.3865.120</property>
</record>
<record>
  <date>2019-10-21T20:36:47</date>
  <millis>1571670407726</millis>
  <sequence>30</sequence>
  <level>RUN_DATA</level>
  <class>com.kms.katalon.core.logging.XmlKeywordLogger</class>
  <method>logMessage</method>
  <thread>1</thread>
  <message>platform = Windows 8.1</message>
  <nestedLevel>2</nestedLevel>
  <property name="platform">Windows 8.1</property>
</record>
<record>
  <date>2019-10-21T20:36:47</date>
  <millis>1571670407730</millis>
  <sequence>31</sequence>
  <level>RUN_DATA</level>
  <class>com.kms.katalon.core.logging.XmlKeywordLogger</class>
  <method>logMessage</method>
  <thread>1</thread>
  <message>seleniumVersion = 3.7.1</message>
  <nestedLevel>2</nestedLevel>
  <property name="seleniumVersion">3.7.1</property>
</record>
<record>
  <date>2019-10-21T20:36:47</date>
  <millis>1571670407732</millis>
  <sequence>32</sequence>
  <level>RUN_DATA</level>
  <class>com.kms.katalon.core.logging.XmlKeywordLogger</class>
  <method>logMessage</method>
  <thread>1</thread>
  <message>proxyInformation = ProxyInformation{proxyOption=NO_PROXY, proxyServerType=HTTP, password=, proxyServerAddress=, proxyServerPort=0}</message>
  <nestedLevel>2</nestedLevel>
  <property name="proxyInformation">ProxyInformation{proxyOption=NO_PROXY, proxyServerType=HTTP, password=, proxyServerAddress=, proxyServerPort=0}</property>
</record>
<record>
  <date>2019-10-21T20:36:47</date>
  <millis>1571670407734</millis>
  <sequence>33</sequence>
  <level>PASSED</level>
  <class>com.kms.katalon.core.logging.XmlKeywordLogger</class>
  <method>logMessage</method>
  <thread>1</thread>
  <message>Browser is opened with url: &amp;apos;&amp;apos;</message>
  <nestedLevel>2</nestedLevel>
</record>
<record>
  <date>2019-10-21T20:36:47</date>
  <millis>1571670407735</millis>
  <sequence>34</sequence>
  <level>END</level>
  <class>com.kms.katalon.core.logging.XmlKeywordLogger</class>
  <method>endKeyword</method>
  <thread>1</thread>
  <message>End action : openBrowser(\&amp;quot;\&amp;quot;)</message>
  <nestedLevel>1</nestedLevel>
</record>
<record>
  <date>2019-10-21T20:36:47</date>
  <millis>1571670407735</millis>
  <sequence>35</sequence>
  <level>START</level>
  <class>com.kms.katalon.core.logging.XmlKeywordLogger</class>
  <method>startKeyword</method>
  <thread>1</thread>
  <message>Start action : maximizeWindow()</message>
  <nestedLevel>1</nestedLevel>
  <property name="startLine">19</property>
  <property name="stepIndex">2</property>
</record>
<record>
  <date>2019-10-21T20:36:48</date>
  <millis>1571670408753</millis>
  <sequence>37</sequence>
  <level>PASSED</level>
  <class>com.kms.katalon.core.logging.XmlKeywordLogger</class>
  <method>logMessage</method>
  <thread>1</thread>
  <message>Current window maximized</message>
  <nestedLevel>2</nestedLevel>
</record>
<record>
  <date>2019-10-21T20:36:48</date>
  <millis>1571670408755</millis>
  <sequence>38</sequence>
  <level>END</level>
  <class>com.kms.katalon.core.logging.XmlKeywordLogger</class>
  <method>endKeyword</method>
  <thread>1</thread>
  <message>End action : maximizeWindow()</message>
  <nestedLevel>1</nestedLevel>
</record>
<record>
  <date>2019-10-21T20:36:48</date>
  <millis>1571670408756</millis>
  <sequence>39</sequence>
  <level>START</level>
  <class>com.kms.katalon.core.logging.XmlKeywordLogger</class>
  <method>startKeyword</method>
  <thread>1</thread>
  <message>Start action : navigateToUrl(\&amp;quot;https://trade.angelbroking.com/\&amp;quot;)</message>
  <nestedLevel>1</nestedLevel>
  <property name="startLine">21</property>
  <property name="stepIndex">3</property>
</record>
<record>
  <date>2019-10-21T20:36:56</date>
  <millis>1571670416318</millis>
  <sequence>42</sequence>
  <level>PASSED</level>
  <class>com.kms.katalon.core.logging.XmlKeywordLogger</class>
  <method>logMessage</method>
  <thread>1</thread>
  <message>Navigate to &amp;apos;https://trade.angelbroking.com/&amp;apos; successfully</message>
  <nestedLevel>2</nestedLevel>
</record>
<record>
  <date>2019-10-21T20:36:56</date>
  <millis>1571670416318</millis>
  <sequence>43</sequence>
  <level>END</level>
  <class>com.kms.katalon.core.logging.XmlKeywordLogger</class>
  <method>endKeyword</method>
  <thread>1</thread>
  <message>End action : navigateToUrl(\&amp;quot;https://trade.angelbroking.com/\&amp;quot;)</message>
  <nestedLevel>1</nestedLevel>
</record>
<record>
  <date>2019-10-21T20:36:56</date>
  <millis>1571670416319</millis>
  <sequence>44</sequence>
  <level>START</level>
  <class>com.kms.katalon.core.logging.XmlKeywordLogger</class>
  <method>startKeyword</method>
  <thread>1</thread>
  <message>Start action : setText(findTestObject(\&amp;quot;login/Email ID_txtUserID\&amp;quot;), userID)</message>
  <nestedLevel>1</nestedLevel>
  <property name="startLine">23</property>
  <property name="stepIndex">4</property>
</record>
<record>
  <date>2019-10-21T20:36:56</date>
  <millis>1571670416484</millis>
  <sequence>53</sequence>
  <level>PASSED</level>
  <class>com.kms.katalon.core.logging.XmlKeywordLogger</class>
  <method>logMessage</method>
  <thread>1</thread>
  <message>Text &amp;apos;M137505&amp;apos; is set on object &amp;apos;Object Repository/login/Email ID_txtUserID&amp;apos;</message>
  <nestedLevel>2</nestedLevel>
</record>
<record>
  <date>2019-10-21T20:36:56</date>
  <millis>1571670416485</millis>
  <sequence>54</sequence>
  <level>END</level>
  <class>com.kms.katalon.core.logging.XmlKeywordLogger</class>
  <method>endKeyword</method>
  <thread>1</thread>
  <message>End action : setText(findTestObject(\&amp;quot;login/Email ID_txtUserID\&amp;quot;), userID)</message>
  <nestedLevel>1</nestedLevel>
</record>
<record>
  <date>2019-10-21T20:36:56</date>
  <millis>1571670416485</millis>
  <sequence>55</sequence>
  <level>START</level>
  <class>com.kms.katalon.core.logging.XmlKeywordLogger</class>
  <method>startKeyword</method>
  <thread>1</thread>
  <message>Start action : setText(findTestObject(\&amp;quot;login/txtTradingPassword\&amp;quot;), password)</message>
  <nestedLevel>1</nestedLevel>
  <property name="startLine">25</property>
  <property name="stepIndex">5</property>
</record>
<record>
  <date>2019-10-21T20:36:56</date>
  <millis>1571670416616</millis>
  <sequence>64</sequence>
  <level>PASSED</level>
  <class>com.kms.katalon.core.logging.XmlKeywordLogger</class>
  <method>logMessage</method>
  <thread>1</thread>
  <message>Text &amp;apos;HHBM123hhbm&amp;apos; is set on object &amp;apos;Object Repository/login/txtTradingPassword&amp;apos;</message>
  <nestedLevel>2</nestedLevel>
</record>
<record>
  <date>2019-10-21T20:36:56</date>
  <millis>1571670416617</millis>
  <sequence>65</sequence>
  <level>END</level>
  <class>com.kms.katalon.core.logging.XmlKeywordLogger</class>
  <method>endKeyword</method>
  <thread>1</thread>
  <message>End action : setText(findTestObject(\&amp;quot;login/txtTradingPassword\&amp;quot;), password)</message>
  <nestedLevel>1</nestedLevel>
</record>
<record>
  <date>2019-10-21T20:36:56</date>
  <millis>1571670416617</millis>
  <sequence>66</sequence>
  <level>START</level>
  <class>com.kms.katalon.core.logging.XmlKeywordLogger</class>
  <method>startKeyword</method>
  <thread>1</thread>
  <message>Start action : click(findTestObject(\&amp;quot;login/login_Proceed\&amp;quot;))</message>
  <nestedLevel>1</nestedLevel>
  <property name="startLine">27</property>
  <property name="stepIndex">6</property>
</record>
<record>
  <date>2019-10-21T20:36:56</date>
  <millis>1571670416710</millis>
  <sequence>73</sequence>
  <level>PASSED</level>
  <class>com.kms.katalon.core.logging.XmlKeywordLogger</class>
  <method>logMessage</method>
  <thread>1</thread>
  <message>Object: &amp;apos;Object Repository/login/login_Proceed&amp;apos; is clicked on</message>
  <nestedLevel>2</nestedLevel>
</record>
<record>
  <date>2019-10-21T20:36:56</date>
  <millis>1571670416711</millis>
  <sequence>74</sequence>
  <level>END</level>
  <class>com.kms.katalon.core.logging.XmlKeywordLogger</class>
  <method>endKeyword</method>
  <thread>1</thread>
  <message>End action : click(findTestObject(\&amp;quot;login/login_Proceed\&amp;quot;))</message>
  <nestedLevel>1</nestedLevel>
</record>
<record>
  <date>2019-10-21T20:36:56</date>
  <millis>1571670416711</millis>
  <sequence>75</sequence>
  <level>START</level>
  <class>com.kms.katalon.core.logging.XmlKeywordLogger</class>
  <method>startKeyword</method>
  <thread>1</thread>
  <message>Start action : xpath_ = \&amp;quot;//a[contains(text(),&amp;apos;\&amp;quot; + userID + \&amp;quot;&amp;apos;)]\&amp;quot;</message>
  <nestedLevel>1</nestedLevel>
  <property name="startLine">31</property>
  <property name="stepIndex">7</property>
</record>
<record>
  <date>2019-10-21T20:36:56</date>
  <millis>1571670416712</millis>
  <sequence>76</sequence>
  <level>END</level>
  <class>com.kms.katalon.core.logging.XmlKeywordLogger</class>
  <method>endKeyword</method>
  <thread>1</thread>
  <message>End action : xpath_ = \&amp;quot;//a[contains(text(),&amp;apos;\&amp;quot; + userID + \&amp;quot;&amp;apos;)]\&amp;quot;</message>
  <nestedLevel>1</nestedLevel>
</record>
<record>
  <date>2019-10-21T20:36:56</date>
  <millis>1571670416712</millis>
  <sequence>77</sequence>
  <level>START</level>
  <class>com.kms.katalon.core.logging.XmlKeywordLogger</class>
  <method>startKeyword</method>
  <thread>1</thread>
  <message>Start action : uid = AddKeyword.createTestObject(\&amp;quot;user_identification\&amp;quot;, xpath_)</message>
  <nestedLevel>1</nestedLevel>
  <property name="startLine">33</property>
  <property name="stepIndex">8</property>
</record>
<record>
  <date>2019-10-21T20:36:56</date>
  <millis>1571670416732</millis>
  <sequence>78</sequence>
  <level>END</level>
  <class>com.kms.katalon.core.logging.XmlKeywordLogger</class>
  <method>endKeyword</method>
  <thread>1</thread>
  <message>End action : uid = AddKeyword.createTestObject(\&amp;quot;user_identification\&amp;quot;, xpath_)</message>
  <nestedLevel>1</nestedLevel>
</record>
<record>
  <date>2019-10-21T20:36:56</date>
  <millis>1571670416732</millis>
  <sequence>79</sequence>
  <level>START</level>
  <class>com.kms.katalon.core.logging.XmlKeywordLogger</class>
  <method>startKeyword</method>
  <thread>1</thread>
  <message>Start action : println(xpath_)</message>
  <nestedLevel>1</nestedLevel>
  <property name="startLine">35</property>
  <property name="stepIndex">9</property>
</record>
<record>
  <date>2019-10-21T20:36:56</date>
  <millis>1571670416735</millis>
  <sequence>80</sequence>
  <level>END</level>
  <class>com.kms.katalon.core.logging.XmlKeywordLogger</class>
  <method>endKeyword</method>
  <thread>1</thread>
  <message>End action : println(xpath_)</message>
  <nestedLevel>1</nestedLevel>
</record>
<record>
  <date>2019-10-21T20:36:56</date>
  <millis>1571670416735</millis>
  <sequence>81</sequence>
  <level>START</level>
  <class>com.kms.katalon.core.logging.XmlKeywordLogger</class>
  <method>startKeyword</method>
  <thread>1</thread>
  <message>Start action : verifyElementPresent(uid, 30)</message>
  <nestedLevel>1</nestedLevel>
  <property name="startLine">37</property>
  <property name="stepIndex">10</property>
</record>
<record>
  <date>2019-10-21T20:36:59</date>
  <millis>1571670419394</millis>
  <sequence>86</sequence>
  <level>PASSED</level>
  <class>com.kms.katalon.core.logging.XmlKeywordLogger</class>
  <method>logMessage</method>
  <thread>1</thread>
  <message>Object &amp;apos;user_identification&amp;apos; is present</message>
  <nestedLevel>2</nestedLevel>
</record>
<record>
  <date>2019-10-21T20:36:59</date>
  <millis>1571670419394</millis>
  <sequence>87</sequence>
  <level>END</level>
  <class>com.kms.katalon.core.logging.XmlKeywordLogger</class>
  <method>endKeyword</method>
  <thread>1</thread>
  <message>End action : verifyElementPresent(uid, 30)</message>
  <nestedLevel>1</nestedLevel>
</record>
<record>
  <date>2019-10-21T20:36:59</date>
  <millis>1571670419394</millis>
  <sequence>88</sequence>
  <level>PASSED</level>
  <class>com.kms.katalon.core.logging.XmlKeywordLogger</class>
  <method>logMessage</method>
  <thread>1</thread>
  <message>Test Cases/Logins/Login_Manohar</message>
  <nestedLevel>2</nestedLevel>
</record>
<record>
  <date>2019-10-21T20:36:59</date>
  <millis>1571670419395</millis>
  <sequence>89</sequence>
  <level>END</level>
  <class>com.kms.katalon.core.logging.XmlKeywordLogger</class>
  <method>endTest</method>
  <thread>1</thread>
  <message>End Test Case : Test Cases/Logins/Login_Manohar</message>
  <nestedLevel>1</nestedLevel>
</record>
<record>
  <date>2019-10-21T20:36:59</date>
  <millis>1571670419401</millis>
  <sequence>90</sequence>
  <level>PASSED</level>
  <class>com.kms.katalon.core.logging.XmlKeywordLogger</class>
  <method>logMessage</method>
  <thread>1</thread>
  <message>Call Test Case &amp;apos;Test Cases/Logins/Login_Manohar&amp;apos; successfully</message>
  <nestedLevel>1</nestedLevel>
</record>
<record>
  <date>2019-10-21T20:36:59</date>
  <millis>1571670419401</millis>
  <sequence>91</sequence>
  <level>END</level>
  <class>com.kms.katalon.core.logging.XmlKeywordLogger</class>
  <method>endKeyword</method>
  <thread>1</thread>
  <message>End action : callTestCase(findTestCase(\&amp;quot;Logins/Login_Manohar\&amp;quot;), [\&amp;quot;userID\&amp;quot;:\&amp;quot;M137505\&amp;quot;, \&amp;quot;password\&amp;quot;:\&amp;quot;HHBM123hhbm\&amp;quot;], STOP_ON_FAILURE)</message>
  <nestedLevel>1</nestedLevel>
</record>
<record>
  <date>2019-10-21T20:36:59</date>
  <millis>1571670419402</millis>
  <sequence>92</sequence>
  <level>START</level>
  <class>com.kms.katalon.core.logging.XmlKeywordLogger</class>
  <method>startKeyword</method>
  <thread>1</thread>
  <message>Start action : callTestCase(findTestCase(\&amp;quot;Utility/ToMarket\&amp;quot;), [:], STOP_ON_FAILURE)</message>
  <nestedLevel>1</nestedLevel>
  <property name="startLine">19</property>
  <property name="stepIndex">2</property>
</record>
<record>
  <date>2019-10-21T20:36:59</date>
  <millis>1571670419459</millis>
  <sequence>95</sequence>
  <level>START</level>
  <class>com.kms.katalon.core.logging.XmlKeywordLogger</class>
  <method>startTest</method>
  <thread>1</thread>
  <message>Start Test Case : Test Cases/Utility/ToMarket</message>
  <nestedLevel>2</nestedLevel>
  <property name="name">Test Cases/Utility/ToMarket</property>
  <property name="description"></property>
  <property name="id">Test Cases/Utility/ToMarket</property>
  <property name="source">C:\\Users\\Chandra-Kautilya\\Katalon Studio\\AB_Framework\\Test Cases\\Utility\\ToMarket.tc</property>
  <property name="tag"></property>
  <property name="isOptional">false</property>
</record>
<record>
  <date>2019-10-21T20:36:59</date>
  <millis>1571670419585</millis>
  <sequence>97</sequence>
  <level>START</level>
  <class>com.kms.katalon.core.logging.XmlKeywordLogger</class>
  <method>startKeyword</method>
  <thread>1</thread>
  <message>Start action : click(findTestObject(\&amp;quot;ToMarket/a_Markets\&amp;quot;))</message>
  <nestedLevel>1</nestedLevel>
  <property name="startLine">16</property>
  <property name="stepIndex">1</property>
</record>
<record>
  <date>2019-10-21T20:37:01</date>
  <millis>1571670421387</millis>
  <sequence>104</sequence>
  <level>PASSED</level>
  <class>com.kms.katalon.core.logging.XmlKeywordLogger</class>
  <method>logMessage</method>
  <thread>1</thread>
  <message>Object: &amp;apos;Object Repository/ToMarket/a_Markets&amp;apos; is clicked on</message>
  <nestedLevel>2</nestedLevel>
</record>
<record>
  <date>2019-10-21T20:37:01</date>
  <millis>1571670421388</millis>
  <sequence>105</sequence>
  <level>END</level>
  <class>com.kms.katalon.core.logging.XmlKeywordLogger</class>
  <method>endKeyword</method>
  <thread>1</thread>
  <message>End action : click(findTestObject(\&amp;quot;ToMarket/a_Markets\&amp;quot;))</message>
  <nestedLevel>1</nestedLevel>
</record>
<record>
  <date>2019-10-21T20:37:01</date>
  <millis>1571670421388</millis>
  <sequence>106</sequence>
  <level>START</level>
  <class>com.kms.katalon.core.logging.XmlKeywordLogger</class>
  <method>startKeyword</method>
  <thread>1</thread>
  <message>Start action : verifyElementPresent(findTestObject(\&amp;quot;ToMarket/a_sell\&amp;quot;), 100)</message>
  <nestedLevel>1</nestedLevel>
  <property name="startLine">18</property>
  <property name="stepIndex">2</property>
</record>
<record>
  <date>2019-10-21T20:37:01</date>
  <millis>1571670421499</millis>
  <sequence>112</sequence>
  <level>PASSED</level>
  <class>com.kms.katalon.core.logging.XmlKeywordLogger</class>
  <method>logMessage</method>
  <thread>1</thread>
  <message>Object &amp;apos;Object Repository/ToMarket/a_sell&amp;apos; is present</message>
  <nestedLevel>2</nestedLevel>
</record>
<record>
  <date>2019-10-21T20:37:01</date>
  <millis>1571670421500</millis>
  <sequence>113</sequence>
  <level>END</level>
  <class>com.kms.katalon.core.logging.XmlKeywordLogger</class>
  <method>endKeyword</method>
  <thread>1</thread>
  <message>End action : verifyElementPresent(findTestObject(\&amp;quot;ToMarket/a_sell\&amp;quot;), 100)</message>
  <nestedLevel>1</nestedLevel>
</record>
<record>
  <date>2019-10-21T20:37:01</date>
  <millis>1571670421500</millis>
  <sequence>114</sequence>
  <level>PASSED</level>
  <class>com.kms.katalon.core.logging.XmlKeywordLogger</class>
  <method>logMessage</method>
  <thread>1</thread>
  <message>Test Cases/Utility/ToMarket</message>
  <nestedLevel>2</nestedLevel>
</record>
<record>
  <date>2019-10-21T20:37:01</date>
  <millis>1571670421501</millis>
  <sequence>115</sequence>
  <level>END</level>
  <class>com.kms.katalon.core.logging.XmlKeywordLogger</class>
  <method>endTest</method>
  <thread>1</thread>
  <message>End Test Case : Test Cases/Utility/ToMarket</message>
  <nestedLevel>1</nestedLevel>
</record>
<record>
  <date>2019-10-21T20:37:01</date>
  <millis>1571670421501</millis>
  <sequence>116</sequence>
  <level>PASSED</level>
  <class>com.kms.katalon.core.logging.XmlKeywordLogger</class>
  <method>logMessage</method>
  <thread>1</thread>
  <message>Call Test Case &amp;apos;Test Cases/Utility/ToMarket&amp;apos; successfully</message>
  <nestedLevel>1</nestedLevel>
</record>
<record>
  <date>2019-10-21T20:37:01</date>
  <millis>1571670421502</millis>
  <sequence>117</sequence>
  <level>END</level>
  <class>com.kms.katalon.core.logging.XmlKeywordLogger</class>
  <method>endKeyword</method>
  <thread>1</thread>
  <message>End action : callTestCase(findTestCase(\&amp;quot;Utility/ToMarket\&amp;quot;), [:], STOP_ON_FAILURE)</message>
  <nestedLevel>1</nestedLevel>
</record>
<record>
  <date>2019-10-21T20:37:01</date>
  <millis>1571670421502</millis>
  <sequence>118</sequence>
  <level>START</level>
  <class>com.kms.katalon.core.logging.XmlKeywordLogger</class>
  <method>startKeyword</method>
  <thread>1</thread>
  <message>Start action : totalrows = findTestData(\&amp;quot;Data Files/Orders\&amp;quot;).getRowNumbers()</message>
  <nestedLevel>1</nestedLevel>
  <property name="startLine">21</property>
  <property name="stepIndex">3</property>
</record>
<record>
  <date>2019-10-21T20:37:03</date>
  <millis>1571670423125</millis>
  <sequence>123</sequence>
  <level>END</level>
  <class>com.kms.katalon.core.logging.XmlKeywordLogger</class>
  <method>endKeyword</method>
  <thread>1</thread>
  <message>End action : totalrows = findTestData(\&amp;quot;Data Files/Orders\&amp;quot;).getRowNumbers()</message>
  <nestedLevel>1</nestedLevel>
</record>
<record>
  <date>2019-10-21T20:37:03</date>
  <millis>1571670423126</millis>
  <sequence>124</sequence>
  <level>START</level>
  <class>com.kms.katalon.core.logging.XmlKeywordLogger</class>
  <method>startKeyword</method>
  <thread>1</thread>
  <message>Start action : println(\&amp;quot;Total Number of Rows \&amp;quot; + totalrows)</message>
  <nestedLevel>1</nestedLevel>
  <property name="startLine">23</property>
  <property name="stepIndex">4</property>
</record>
<record>
  <date>2019-10-21T20:37:03</date>
  <millis>1571670423135</millis>
  <sequence>125</sequence>
  <level>END</level>
  <class>com.kms.katalon.core.logging.XmlKeywordLogger</class>
  <method>endKeyword</method>
  <thread>1</thread>
  <message>End action : println(\&amp;quot;Total Number of Rows \&amp;quot; + totalrows)</message>
  <nestedLevel>1</nestedLevel>
</record>
<record>
  <date>2019-10-21T20:37:03</date>
  <millis>1571670423135</millis>
  <sequence>126</sequence>
  <level>START</level>
  <class>com.kms.katalon.core.logging.XmlKeywordLogger</class>
  <method>startKeyword</method>
  <thread>1</thread>
  <message>Start action : for ([i = 1, i &amp;lt; totalrows + 1, (i++)])</message>
  <nestedLevel>1</nestedLevel>
  <property name="startLine">25</property>
  <property name="stepIndex">5</property>
</record>
<record>
  <date>2019-10-21T20:37:03</date>
  <millis>1571670423136</millis>
  <sequence>127</sequence>
  <level>START</level>
  <class>com.kms.katalon.core.logging.XmlKeywordLogger</class>
  <method>startKeyword</method>
  <thread>1</thread>
  <message>Start action : OrderType_Sell_Buy = findTestData(\&amp;quot;Data Files/Orders\&amp;quot;).getValue(1, i)</message>
  <nestedLevel>2</nestedLevel>
  <property name="startLine">26</property>
  <property name="stepIndex">1</property>
</record>
<record>
  <date>2019-10-21T20:37:03</date>
  <millis>1571670423227</millis>
  <sequence>132</sequence>
  <level>END</level>
  <class>com.kms.katalon.core.logging.XmlKeywordLogger</class>
  <method>endKeyword</method>
  <thread>1</thread>
  <message>End action : OrderType_Sell_Buy = findTestData(\&amp;quot;Data Files/Orders\&amp;quot;).getValue(1, i)</message>
  <nestedLevel>2</nestedLevel>
</record>
<record>
  <date>2019-10-21T20:37:03</date>
  <millis>1571670423229</millis>
  <sequence>133</sequence>
  <level>START</level>
  <class>com.kms.katalon.core.logging.XmlKeywordLogger</class>
  <method>startKeyword</method>
  <thread>1</thread>
  <message>Start action : Symbol = findTestData(\&amp;quot;Data Files/Orders\&amp;quot;).getValue(2, i)</message>
  <nestedLevel>2</nestedLevel>
  <property name="startLine">28</property>
  <property name="stepIndex">2</property>
</record>
<record>
  <date>2019-10-21T20:37:03</date>
  <millis>1571670423279</millis>
  <sequence>138</sequence>
  <level>END</level>
  <class>com.kms.katalon.core.logging.XmlKeywordLogger</class>
  <method>endKeyword</method>
  <thread>1</thread>
  <message>End action : Symbol = findTestData(\&amp;quot;Data Files/Orders\&amp;quot;).getValue(2, i)</message>
  <nestedLevel>2</nestedLevel>
</record>
<record>
  <date>2019-10-21T20:37:03</date>
  <millis>1571670423279</millis>
  <sequence>139</sequence>
  <level>START</level>
  <class>com.kms.katalon.core.logging.XmlKeywordLogger</class>
  <method>startKeyword</method>
  <thread>1</thread>
  <message>Start action : Quantity = findTestData(\&amp;quot;Data Files/Orders\&amp;quot;).getValue(3, i)</message>
  <nestedLevel>2</nestedLevel>
  <property name="startLine">30</property>
  <property name="stepIndex">3</property>
</record>
<record>
  <date>2019-10-21T20:37:03</date>
  <millis>1571670423346</millis>
  <sequence>144</sequence>
  <level>END</level>
  <class>com.kms.katalon.core.logging.XmlKeywordLogger</class>
  <method>endKeyword</method>
  <thread>1</thread>
  <message>End action : Quantity = findTestData(\&amp;quot;Data Files/Orders\&amp;quot;).getValue(3, i)</message>
  <nestedLevel>2</nestedLevel>
</record>
<record>
  <date>2019-10-21T20:37:03</date>
  <millis>1571670423347</millis>
  <sequence>145</sequence>
  <level>START</level>
  <class>com.kms.katalon.core.logging.XmlKeywordLogger</class>
  <method>startKeyword</method>
  <thread>1</thread>
  <message>Start action : Price = findTestData(\&amp;quot;Data Files/Orders\&amp;quot;).getValue(4, i)</message>
  <nestedLevel>2</nestedLevel>
  <property name="startLine">32</property>
  <property name="stepIndex">4</property>
</record>
<record>
  <date>2019-10-21T20:37:03</date>
  <millis>1571670423445</millis>
  <sequence>150</sequence>
  <level>END</level>
  <class>com.kms.katalon.core.logging.XmlKeywordLogger</class>
  <method>endKeyword</method>
  <thread>1</thread>
  <message>End action : Price = findTestData(\&amp;quot;Data Files/Orders\&amp;quot;).getValue(4, i)</message>
  <nestedLevel>2</nestedLevel>
</record>
<record>
  <date>2019-10-21T20:37:03</date>
  <millis>1571670423446</millis>
  <sequence>151</sequence>
  <level>START</level>
  <class>com.kms.katalon.core.logging.XmlKeywordLogger</class>
  <method>startKeyword</method>
  <thread>1</thread>
  <message>Start action : TriggerPrice = findTestData(\&amp;quot;Data Files/Orders\&amp;quot;).getValue(5, i)</message>
  <nestedLevel>2</nestedLevel>
  <property name="startLine">34</property>
  <property name="stepIndex">5</property>
</record>
<record>
  <date>2019-10-21T20:37:03</date>
  <millis>1571670423482</millis>
  <sequence>156</sequence>
  <level>END</level>
  <class>com.kms.katalon.core.logging.XmlKeywordLogger</class>
  <method>endKeyword</method>
  <thread>1</thread>
  <message>End action : TriggerPrice = findTestData(\&amp;quot;Data Files/Orders\&amp;quot;).getValue(5, i)</message>
  <nestedLevel>2</nestedLevel>
</record>
<record>
  <date>2019-10-21T20:37:03</date>
  <millis>1571670423482</millis>
  <sequence>157</sequence>
  <level>START</level>
  <class>com.kms.katalon.core.logging.XmlKeywordLogger</class>
  <method>startKeyword</method>
  <thread>1</thread>
  <message>Start action : OrderType_Normal_Stoploss = findTestData(\&amp;quot;Data Files/Orders\&amp;quot;).getValue(6, i)</message>
  <nestedLevel>2</nestedLevel>
  <property name="startLine">36</property>
  <property name="stepIndex">6</property>
</record>
<record>
  <date>2019-10-21T20:37:03</date>
  <millis>1571670423522</millis>
  <sequence>162</sequence>
  <level>END</level>
  <class>com.kms.katalon.core.logging.XmlKeywordLogger</class>
  <method>endKeyword</method>
  <thread>1</thread>
  <message>End action : OrderType_Normal_Stoploss = findTestData(\&amp;quot;Data Files/Orders\&amp;quot;).getValue(6, i)</message>
  <nestedLevel>2</nestedLevel>
</record>
<record>
  <date>2019-10-21T20:37:03</date>
  <millis>1571670423522</millis>
  <sequence>163</sequence>
  <level>START</level>
  <class>com.kms.katalon.core.logging.XmlKeywordLogger</class>
  <method>startKeyword</method>
  <thread>1</thread>
  <message>Start action : PriceType_L_SL = findTestData(\&amp;quot;Data Files/Orders\&amp;quot;).getValue(7, i)</message>
  <nestedLevel>2</nestedLevel>
  <property name="startLine">38</property>
  <property name="stepIndex">7</property>
</record>
<record>
  <date>2019-10-21T20:37:03</date>
  <millis>1571670423656</millis>
  <sequence>168</sequence>
  <level>END</level>
  <class>com.kms.katalon.core.logging.XmlKeywordLogger</class>
  <method>endKeyword</method>
  <thread>1</thread>
  <message>End action : PriceType_L_SL = findTestData(\&amp;quot;Data Files/Orders\&amp;quot;).getValue(7, i)</message>
  <nestedLevel>2</nestedLevel>
</record>
<record>
  <date>2019-10-21T20:37:03</date>
  <millis>1571670423656</millis>
  <sequence>169</sequence>
  <level>START</level>
  <class>com.kms.katalon.core.logging.XmlKeywordLogger</class>
  <method>startKeyword</method>
  <thread>1</thread>
  <message>Start action : println(\&amp;quot;Row No \&amp;quot; + i + \&amp;quot; || order \&amp;quot; + OrderType_Sell_Buy)</message>
  <nestedLevel>2</nestedLevel>
  <property name="startLine">40</property>
  <property name="stepIndex">8</property>
</record>
<record>
  <date>2019-10-21T20:37:03</date>
  <millis>1571670423667</millis>
  <sequence>170</sequence>
  <level>END</level>
  <class>com.kms.katalon.core.logging.XmlKeywordLogger</class>
  <method>endKeyword</method>
  <thread>1</thread>
  <message>End action : println(\&amp;quot;Row No \&amp;quot; + i + \&amp;quot; || order \&amp;quot; + OrderType_Sell_Buy)</message>
  <nestedLevel>2</nestedLevel>
</record>
<record>
  <date>2019-10-21T20:37:03</date>
  <millis>1571670423668</millis>
  <sequence>171</sequence>
  <level>START</level>
  <class>com.kms.katalon.core.logging.XmlKeywordLogger</class>
  <method>startKeyword</method>
  <thread>1</thread>
  <message>Start action : if (OrderType_Sell_Buy.equalsIgnoreCase(\&amp;quot;sell\&amp;quot;))</message>
  <nestedLevel>2</nestedLevel>
  <property name="startLine">42</property>
  <property name="stepIndex">9</property>
</record>
<record>
  <date>2019-10-21T20:37:03</date>
  <millis>1571670423669</millis>
  <sequence>172</sequence>
  <level>START</level>
  <class>com.kms.katalon.core.logging.XmlKeywordLogger</class>
  <method>startKeyword</method>
  <thread>1</thread>
  <message>Start action : callTestCase(findTestCase(\&amp;quot;Utility/Sell_Limit_Intra_Normal_Stoploss\&amp;quot;), [\&amp;quot;OrderType_Sell_Buy\&amp;quot;:OrderType_Sell_Buy, \&amp;quot;OrderType_Normal_Stoploss\&amp;quot;:OrderType_Normal_Stoploss, \&amp;quot;TriggerPrice\&amp;quot;:TriggerPrice, ... ], STOP_ON_FAILURE)</message>
  <nestedLevel>3</nestedLevel>
  <property name="startLine">43</property>
  <property name="stepIndex">1</property>
</record>
<record>
  <date>2019-10-21T20:37:03</date>
  <millis>1571670423729</millis>
  <sequence>175</sequence>
  <level>START</level>
  <class>com.kms.katalon.core.logging.XmlKeywordLogger</class>
  <method>startTest</method>
  <thread>1</thread>
  <message>Start Test Case : Test Cases/Utility/Sell_Limit_Intra_Normal_Stoploss</message>
  <nestedLevel>2</nestedLevel>
  <property name="name">Test Cases/Utility/Sell_Limit_Intra_Normal_Stoploss</property>
  <property name="description"></property>
  <property name="id">Test Cases/Utility/Sell_Limit_Intra_Normal_Stoploss</property>
  <property name="source">C:\\Users\\Chandra-Kautilya\\Katalon Studio\\AB_Framework\\Test Cases\\Utility\\Sell_Limit_Intra_Normal_Stoploss.tc</property>
  <property name="tag"></property>
  <property name="isOptional">false</property>
</record>
<record>
  <date>2019-10-21T20:37:03</date>
  <millis>1571670423769</millis>
  <sequence>177</sequence>
  <level>INFO</level>
  <class>com.kms.katalon.core.logging.XmlKeywordLogger</class>
  <method>logMessage</method>
  <thread>1</thread>
  <message>OrderType_Sell_Buy = sell</message>
  <nestedLevel>2</nestedLevel>
</record>
<record>
  <date>2019-10-21T20:37:03</date>
  <millis>1571670423769</millis>
  <sequence>178</sequence>
  <level>INFO</level>
  <class>com.kms.katalon.core.logging.XmlKeywordLogger</class>
  <method>logMessage</method>
  <thread>1</thread>
  <message>OrderType_Normal_Stoploss = N</message>
  <nestedLevel>2</nestedLevel>
</record>
<record>
  <date>2019-10-21T20:37:03</date>
  <millis>1571670423770</millis>
  <sequence>179</sequence>
  <level>INFO</level>
  <class>com.kms.katalon.core.logging.XmlKeywordLogger</class>
  <method>logMessage</method>
  <thread>1</thread>
  <message>TriggerPrice = </message>
  <nestedLevel>2</nestedLevel>
</record>
<record>
  <date>2019-10-21T20:37:03</date>
  <millis>1571670423770</millis>
  <sequence>180</sequence>
  <level>INFO</level>
  <class>com.kms.katalon.core.logging.XmlKeywordLogger</class>
  <method>logMessage</method>
  <thread>1</thread>
  <message>Symbol = Yes Bank</message>
  <nestedLevel>2</nestedLevel>
</record>
<record>
  <date>2019-10-21T20:37:03</date>
  <millis>1571670423770</millis>
  <sequence>181</sequence>
  <level>INFO</level>
  <class>com.kms.katalon.core.logging.XmlKeywordLogger</class>
  <method>logMessage</method>
  <thread>1</thread>
  <message>Quantity = 1</message>
  <nestedLevel>2</nestedLevel>
</record>
<record>
  <date>2019-10-21T20:37:03</date>
  <millis>1571670423771</millis>
  <sequence>182</sequence>
  <level>INFO</level>
  <class>com.kms.katalon.core.logging.XmlKeywordLogger</class>
  <method>logMessage</method>
  <thread>1</thread>
  <message>Price = 40</message>
  <nestedLevel>2</nestedLevel>
</record>
<record>
  <date>2019-10-21T20:37:03</date>
  <millis>1571670423771</millis>
  <sequence>183</sequence>
  <level>INFO</level>
  <class>com.kms.katalon.core.logging.XmlKeywordLogger</class>
  <method>logMessage</method>
  <thread>1</thread>
  <message>Disc_Qty = </message>
  <nestedLevel>2</nestedLevel>
</record>
<record>
  <date>2019-10-21T20:37:03</date>
  <millis>1571670423772</millis>
  <sequence>184</sequence>
  <level>INFO</level>
  <class>com.kms.katalon.core.logging.XmlKeywordLogger</class>
  <method>logMessage</method>
  <thread>1</thread>
  <message>PriceType_L_SL = Limit</message>
  <nestedLevel>2</nestedLevel>
</record>
<record>
  <date>2019-10-21T20:37:04</date>
  <millis>1571670424236</millis>
  <sequence>185</sequence>
  <level>START</level>
  <class>com.kms.katalon.core.logging.XmlKeywordLogger</class>
  <method>startKeyword</method>
  <thread>1</thread>
  <message>Start action : click(findTestObject(\&amp;quot;ToMarket/a_sell\&amp;quot;))</message>
  <nestedLevel>1</nestedLevel>
  <property name="startLine">16</property>
  <property name="stepIndex">1</property>
</record>
<record>
  <date>2019-10-21T20:37:04</date>
  <millis>1571670424636</millis>
  <sequence>192</sequence>
  <level>PASSED</level>
  <class>com.kms.katalon.core.logging.XmlKeywordLogger</class>
  <method>logMessage</method>
  <thread>1</thread>
  <message>Object: &amp;apos;Object Repository/ToMarket/a_sell&amp;apos; is clicked on</message>
  <nestedLevel>2</nestedLevel>
</record>
<record>
  <date>2019-10-21T20:37:04</date>
  <millis>1571670424637</millis>
  <sequence>193</sequence>
  <level>END</level>
  <class>com.kms.katalon.core.logging.XmlKeywordLogger</class>
  <method>endKeyword</method>
  <thread>1</thread>
  <message>End action : click(findTestObject(\&amp;quot;ToMarket/a_sell\&amp;quot;))</message>
  <nestedLevel>1</nestedLevel>
</record>
<record>
  <date>2019-10-21T20:37:04</date>
  <millis>1571670424638</millis>
  <sequence>194</sequence>
  <level>START</level>
  <class>com.kms.katalon.core.logging.XmlKeywordLogger</class>
  <method>startKeyword</method>
  <thread>1</thread>
  <message>Start action : verifyElementPresent(findTestObject(\&amp;quot;SELL_Dialog_Objs/Sell_Dialog\&amp;quot;), 100)</message>
  <nestedLevel>1</nestedLevel>
  <property name="startLine">18</property>
  <property name="stepIndex">2</property>
</record>
<record>
  <date>2019-10-21T20:37:04</date>
  <millis>1571670424689</millis>
  <sequence>200</sequence>
  <level>PASSED</level>
  <class>com.kms.katalon.core.logging.XmlKeywordLogger</class>
  <method>logMessage</method>
  <thread>1</thread>
  <message>Object &amp;apos;Object Repository/SELL_Dialog_Objs/Sell_Dialog&amp;apos; is present</message>
  <nestedLevel>2</nestedLevel>
</record>
<record>
  <date>2019-10-21T20:37:04</date>
  <millis>1571670424690</millis>
  <sequence>201</sequence>
  <level>END</level>
  <class>com.kms.katalon.core.logging.XmlKeywordLogger</class>
  <method>endKeyword</method>
  <thread>1</thread>
  <message>End action : verifyElementPresent(findTestObject(\&amp;quot;SELL_Dialog_Objs/Sell_Dialog\&amp;quot;), 100)</message>
  <nestedLevel>1</nestedLevel>
</record>
<record>
  <date>2019-10-21T20:37:04</date>
  <millis>1571670424690</millis>
  <sequence>202</sequence>
  <level>START</level>
  <class>com.kms.katalon.core.logging.XmlKeywordLogger</class>
  <method>startKeyword</method>
  <thread>1</thread>
  <message>Start action : click(findTestObject(\&amp;quot;SELL_Dialog_Objs/OrderType_Sell\&amp;quot;))</message>
  <nestedLevel>1</nestedLevel>
  <property name="startLine">20</property>
  <property name="stepIndex">3</property>
</record>
<record>
  <date>2019-10-21T20:37:04</date>
  <millis>1571670424809</millis>
  <sequence>209</sequence>
  <level>PASSED</level>
  <class>com.kms.katalon.core.logging.XmlKeywordLogger</class>
  <method>logMessage</method>
  <thread>1</thread>
  <message>Object: &amp;apos;Object Repository/SELL_Dialog_Objs/OrderType_Sell&amp;apos; is clicked on</message>
  <nestedLevel>2</nestedLevel>
</record>
<record>
  <date>2019-10-21T20:37:04</date>
  <millis>1571670424809</millis>
  <sequence>210</sequence>
  <level>END</level>
  <class>com.kms.katalon.core.logging.XmlKeywordLogger</class>
  <method>endKeyword</method>
  <thread>1</thread>
  <message>End action : click(findTestObject(\&amp;quot;SELL_Dialog_Objs/OrderType_Sell\&amp;quot;))</message>
  <nestedLevel>1</nestedLevel>
</record>
<record>
  <date>2019-10-21T20:37:04</date>
  <millis>1571670424809</millis>
  <sequence>211</sequence>
  <level>START</level>
  <class>com.kms.katalon.core.logging.XmlKeywordLogger</class>
  <method>startKeyword</method>
  <thread>1</thread>
  <message>Start action : click(findTestObject(\&amp;quot;SELL_Dialog_Objs/a_Type_SELL\&amp;quot;))</message>
  <nestedLevel>1</nestedLevel>
  <property name="startLine">22</property>
  <property name="stepIndex">4</property>
</record>
<record>
  <date>2019-10-21T20:37:04</date>
  <millis>1571670424896</millis>
  <sequence>218</sequence>
  <level>PASSED</level>
  <class>com.kms.katalon.core.logging.XmlKeywordLogger</class>
  <method>logMessage</method>
  <thread>1</thread>
  <message>Object: &amp;apos;Object Repository/SELL_Dialog_Objs/a_Type_SELL&amp;apos; is clicked on</message>
  <nestedLevel>2</nestedLevel>
</record>
<record>
  <date>2019-10-21T20:37:04</date>
  <millis>1571670424896</millis>
  <sequence>219</sequence>
  <level>END</level>
  <class>com.kms.katalon.core.logging.XmlKeywordLogger</class>
  <method>endKeyword</method>
  <thread>1</thread>
  <message>End action : click(findTestObject(\&amp;quot;SELL_Dialog_Objs/a_Type_SELL\&amp;quot;))</message>
  <nestedLevel>1</nestedLevel>
</record>
<record>
  <date>2019-10-21T20:37:04</date>
  <millis>1571670424897</millis>
  <sequence>220</sequence>
  <level>START</level>
  <class>com.kms.katalon.core.logging.XmlKeywordLogger</class>
  <method>startKeyword</method>
  <thread>1</thread>
  <message>Start action : if (OrderType_Normal_Stoploss.equalsIgnoreCase(\&amp;quot;N\&amp;quot;))</message>
  <nestedLevel>1</nestedLevel>
  <property name="startLine">24</property>
  <property name="stepIndex">5</property>
</record>
<record>
  <date>2019-10-21T20:37:04</date>
  <millis>1571670424897</millis>
  <sequence>221</sequence>
  <level>START</level>
  <class>com.kms.katalon.core.logging.XmlKeywordLogger</class>
  <method>startKeyword</method>
  <thread>1</thread>
  <message>Start action : click(findTestObject(\&amp;quot;SELL_Dialog_Objs/span_Normal\&amp;quot;))</message>
  <nestedLevel>2</nestedLevel>
  <property name="startLine">25</property>
  <property name="stepIndex">1</property>
</record>
<record>
  <date>2019-10-21T20:37:04</date>
  <millis>1571670424991</millis>
  <sequence>228</sequence>
  <level>PASSED</level>
  <class>com.kms.katalon.core.logging.XmlKeywordLogger</class>
  <method>logMessage</method>
  <thread>1</thread>
  <message>Object: &amp;apos;Object Repository/SELL_Dialog_Objs/span_Normal&amp;apos; is clicked on</message>
  <nestedLevel>2</nestedLevel>
</record>
<record>
  <date>2019-10-21T20:37:04</date>
  <millis>1571670424991</millis>
  <sequence>229</sequence>
  <level>END</level>
  <class>com.kms.katalon.core.logging.XmlKeywordLogger</class>
  <method>endKeyword</method>
  <thread>1</thread>
  <message>End action : click(findTestObject(\&amp;quot;SELL_Dialog_Objs/span_Normal\&amp;quot;))</message>
  <nestedLevel>2</nestedLevel>
</record>
<record>
  <date>2019-10-21T20:37:04</date>
  <millis>1571670424991</millis>
  <sequence>230</sequence>
  <level>START</level>
  <class>com.kms.katalon.core.logging.XmlKeywordLogger</class>
  <method>startKeyword</method>
  <thread>1</thread>
  <message>Start action : click(findTestObject(\&amp;quot;SELL_Dialog_Objs/a_Normal\&amp;quot;))</message>
  <nestedLevel>2</nestedLevel>
  <property name="startLine">27</property>
  <property name="stepIndex">2</property>
</record>
<record>
  <date>2019-10-21T20:37:05</date>
  <millis>1571670425071</millis>
  <sequence>237</sequence>
  <level>PASSED</level>
  <class>com.kms.katalon.core.logging.XmlKeywordLogger</class>
  <method>logMessage</method>
  <thread>1</thread>
  <message>Object: &amp;apos;Object Repository/SELL_Dialog_Objs/a_Normal&amp;apos; is clicked on</message>
  <nestedLevel>2</nestedLevel>
</record>
<record>
  <date>2019-10-21T20:37:05</date>
  <millis>1571670425071</millis>
  <sequence>238</sequence>
  <level>END</level>
  <class>com.kms.katalon.core.logging.XmlKeywordLogger</class>
  <method>endKeyword</method>
  <thread>1</thread>
  <message>End action : click(findTestObject(\&amp;quot;SELL_Dialog_Objs/a_Normal\&amp;quot;))</message>
  <nestedLevel>2</nestedLevel>
</record>
<record>
  <date>2019-10-21T20:37:05</date>
  <millis>1571670425072</millis>
  <sequence>239</sequence>
  <level>END</level>
  <class>com.kms.katalon.core.logging.XmlKeywordLogger</class>
  <method>endKeyword</method>
  <thread>1</thread>
  <message>End action : if (OrderType_Normal_Stoploss.equalsIgnoreCase(\&amp;quot;N\&amp;quot;))</message>
  <nestedLevel>1</nestedLevel>
</record>
<record>
  <date>2019-10-21T20:37:05</date>
  <millis>1571670425072</millis>
  <sequence>240</sequence>
  <level>START</level>
  <class>com.kms.katalon.core.logging.XmlKeywordLogger</class>
  <method>startKeyword</method>
  <thread>1</thread>
  <message>Start action : if (PriceType_L_SL.equalsIgnoreCase(\&amp;quot;limit\&amp;quot;))</message>
  <nestedLevel>1</nestedLevel>
  <property name="startLine">36</property>
  <property name="stepIndex">7</property>
</record>
<record>
  <date>2019-10-21T20:37:05</date>
  <millis>1571670425072</millis>
  <sequence>241</sequence>
  <level>START</level>
  <class>com.kms.katalon.core.logging.XmlKeywordLogger</class>
  <method>startKeyword</method>
  <thread>1</thread>
  <message>Start action : click(findTestObject(\&amp;quot;SELL_Dialog_Objs/span_LIMIT\&amp;quot;))</message>
  <nestedLevel>2</nestedLevel>
  <property name="startLine">37</property>
  <property name="stepIndex">1</property>
</record>
<record>
  <date>2019-10-21T20:37:05</date>
  <millis>1571670425158</millis>
  <sequence>248</sequence>
  <level>PASSED</level>
  <class>com.kms.katalon.core.logging.XmlKeywordLogger</class>
  <method>logMessage</method>
  <thread>1</thread>
  <message>Object: &amp;apos;Object Repository/SELL_Dialog_Objs/span_LIMIT&amp;apos; is clicked on</message>
  <nestedLevel>2</nestedLevel>
</record>
<record>
  <date>2019-10-21T20:37:05</date>
  <millis>1571670425159</millis>
  <sequence>249</sequence>
  <level>END</level>
  <class>com.kms.katalon.core.logging.XmlKeywordLogger</class>
  <method>endKeyword</method>
  <thread>1</thread>
  <message>End action : click(findTestObject(\&amp;quot;SELL_Dialog_Objs/span_LIMIT\&amp;quot;))</message>
  <nestedLevel>2</nestedLevel>
</record>
<record>
  <date>2019-10-21T20:37:05</date>
  <millis>1571670425159</millis>
  <sequence>250</sequence>
  <level>START</level>
  <class>com.kms.katalon.core.logging.XmlKeywordLogger</class>
  <method>startKeyword</method>
  <thread>1</thread>
  <message>Start action : click(findTestObject(\&amp;quot;SELL_Dialog_Objs/a_LIMIT\&amp;quot;))</message>
  <nestedLevel>2</nestedLevel>
  <property name="startLine">39</property>
  <property name="stepIndex">2</property>
</record>
<record>
  <date>2019-10-21T20:37:05</date>
  <millis>1571670425241</millis>
  <sequence>257</sequence>
  <level>PASSED</level>
  <class>com.kms.katalon.core.logging.XmlKeywordLogger</class>
  <method>logMessage</method>
  <thread>1</thread>
  <message>Object: &amp;apos;Object Repository/SELL_Dialog_Objs/a_LIMIT&amp;apos; is clicked on</message>
  <nestedLevel>2</nestedLevel>
</record>
<record>
  <date>2019-10-21T20:37:05</date>
  <millis>1571670425241</millis>
  <sequence>258</sequence>
  <level>END</level>
  <class>com.kms.katalon.core.logging.XmlKeywordLogger</class>
  <method>endKeyword</method>
  <thread>1</thread>
  <message>End action : click(findTestObject(\&amp;quot;SELL_Dialog_Objs/a_LIMIT\&amp;quot;))</message>
  <nestedLevel>2</nestedLevel>
</record>
<record>
  <date>2019-10-21T20:37:05</date>
  <millis>1571670425242</millis>
  <sequence>259</sequence>
  <level>END</level>
  <class>com.kms.katalon.core.logging.XmlKeywordLogger</class>
  <method>endKeyword</method>
  <thread>1</thread>
  <message>End action : if (PriceType_L_SL.equalsIgnoreCase(\&amp;quot;limit\&amp;quot;))</message>
  <nestedLevel>1</nestedLevel>
</record>
<record>
  <date>2019-10-21T20:37:05</date>
  <millis>1571670425242</millis>
  <sequence>260</sequence>
  <level>START</level>
  <class>com.kms.katalon.core.logging.XmlKeywordLogger</class>
  <method>startKeyword</method>
  <thread>1</thread>
  <message>Start action : click(findTestObject(\&amp;quot;SELL_Dialog_Objs/Market_Type_NSE\&amp;quot;))</message>
  <nestedLevel>1</nestedLevel>
  <property name="startLine">46</property>
  <property name="stepIndex">9</property>
</record>
<record>
  <date>2019-10-21T20:37:05</date>
  <millis>1571670425340</millis>
  <sequence>267</sequence>
  <level>PASSED</level>
  <class>com.kms.katalon.core.logging.XmlKeywordLogger</class>
  <method>logMessage</method>
  <thread>1</thread>
  <message>Object: &amp;apos;Object Repository/SELL_Dialog_Objs/Market_Type_NSE&amp;apos; is clicked on</message>
  <nestedLevel>2</nestedLevel>
</record>
<record>
  <date>2019-10-21T20:37:05</date>
  <millis>1571670425341</millis>
  <sequence>268</sequence>
  <level>END</level>
  <class>com.kms.katalon.core.logging.XmlKeywordLogger</class>
  <method>endKeyword</method>
  <thread>1</thread>
  <message>End action : click(findTestObject(\&amp;quot;SELL_Dialog_Objs/Market_Type_NSE\&amp;quot;))</message>
  <nestedLevel>1</nestedLevel>
</record>
<record>
  <date>2019-10-21T20:37:05</date>
  <millis>1571670425341</millis>
  <sequence>269</sequence>
  <level>START</level>
  <class>com.kms.katalon.core.logging.XmlKeywordLogger</class>
  <method>startKeyword</method>
  <thread>1</thread>
  <message>Start action : click(findTestObject(\&amp;quot;SELL_Dialog_Objs/a_Type_NSE\&amp;quot;))</message>
  <nestedLevel>1</nestedLevel>
  <property name="startLine">48</property>
  <property name="stepIndex">10</property>
</record>
<record>
  <date>2019-10-21T20:37:05</date>
  <millis>1571670425516</millis>
  <sequence>276</sequence>
  <level>PASSED</level>
  <class>com.kms.katalon.core.logging.XmlKeywordLogger</class>
  <method>logMessage</method>
  <thread>1</thread>
  <message>Object: &amp;apos;Object Repository/SELL_Dialog_Objs/a_Type_NSE&amp;apos; is clicked on</message>
  <nestedLevel>2</nestedLevel>
</record>
<record>
  <date>2019-10-21T20:37:05</date>
  <millis>1571670425517</millis>
  <sequence>277</sequence>
  <level>END</level>
  <class>com.kms.katalon.core.logging.XmlKeywordLogger</class>
  <method>endKeyword</method>
  <thread>1</thread>
  <message>End action : click(findTestObject(\&amp;quot;SELL_Dialog_Objs/a_Type_NSE\&amp;quot;))</message>
  <nestedLevel>1</nestedLevel>
</record>
<record>
  <date>2019-10-21T20:37:05</date>
  <millis>1571670425517</millis>
  <sequence>278</sequence>
  <level>START</level>
  <class>com.kms.katalon.core.logging.XmlKeywordLogger</class>
  <method>startKeyword</method>
  <thread>1</thread>
  <message>Start action : click(findTestObject(\&amp;quot;SELL_Dialog_Objs/span_AMO DELIVERY\&amp;quot;))</message>
  <nestedLevel>1</nestedLevel>
  <property name="startLine">50</property>
  <property name="stepIndex">11</property>
</record>
<record>
  <date>2019-10-21T20:37:05</date>
  <millis>1571670425638</millis>
  <sequence>285</sequence>
  <level>PASSED</level>
  <class>com.kms.katalon.core.logging.XmlKeywordLogger</class>
  <method>logMessage</method>
  <thread>1</thread>
  <message>Object: &amp;apos;Object Repository/SELL_Dialog_Objs/span_AMO DELIVERY&amp;apos; is clicked on</message>
  <nestedLevel>2</nestedLevel>
</record>
<record>
  <date>2019-10-21T20:37:05</date>
  <millis>1571670425638</millis>
  <sequence>286</sequence>
  <level>END</level>
  <class>com.kms.katalon.core.logging.XmlKeywordLogger</class>
  <method>endKeyword</method>
  <thread>1</thread>
  <message>End action : click(findTestObject(\&amp;quot;SELL_Dialog_Objs/span_AMO DELIVERY\&amp;quot;))</message>
  <nestedLevel>1</nestedLevel>
</record>
<record>
  <date>2019-10-21T20:37:05</date>
  <millis>1571670425639</millis>
  <sequence>287</sequence>
  <level>START</level>
  <class>com.kms.katalon.core.logging.XmlKeywordLogger</class>
  <method>startKeyword</method>
  <thread>1</thread>
  <message>Start action : click(findTestObject(\&amp;quot;SELL_Dialog_Objs/a_AMO INTRADAY\&amp;quot;))</message>
  <nestedLevel>1</nestedLevel>
  <property name="startLine">52</property>
  <property name="stepIndex">12</property>
</record>
<record>
  <date>2019-10-21T20:37:05</date>
  <millis>1571670425723</millis>
  <sequence>294</sequence>
  <level>PASSED</level>
  <class>com.kms.katalon.core.logging.XmlKeywordLogger</class>
  <method>logMessage</method>
  <thread>1</thread>
  <message>Object: &amp;apos;Object Repository/SELL_Dialog_Objs/a_AMO INTRADAY&amp;apos; is clicked on</message>
  <nestedLevel>2</nestedLevel>
</record>
<record>
  <date>2019-10-21T20:37:05</date>
  <millis>1571670425724</millis>
  <sequence>295</sequence>
  <level>END</level>
  <class>com.kms.katalon.core.logging.XmlKeywordLogger</class>
  <method>endKeyword</method>
  <thread>1</thread>
  <message>End action : click(findTestObject(\&amp;quot;SELL_Dialog_Objs/a_AMO INTRADAY\&amp;quot;))</message>
  <nestedLevel>1</nestedLevel>
</record>
<record>
  <date>2019-10-21T20:37:05</date>
  <millis>1571670425724</millis>
  <sequence>296</sequence>
  <level>START</level>
  <class>com.kms.katalon.core.logging.XmlKeywordLogger</class>
  <method>startKeyword</method>
  <thread>1</thread>
  <message>Start action : click(findTestObject(\&amp;quot;SELL_Dialog_Objs/span_Day\&amp;quot;))</message>
  <nestedLevel>1</nestedLevel>
  <property name="startLine">54</property>
  <property name="stepIndex">13</property>
</record>
<record>
  <date>2019-10-21T20:37:05</date>
  <millis>1571670425795</millis>
  <sequence>303</sequence>
  <level>PASSED</level>
  <class>com.kms.katalon.core.logging.XmlKeywordLogger</class>
  <method>logMessage</method>
  <thread>1</thread>
  <message>Object: &amp;apos;Object Repository/SELL_Dialog_Objs/span_Day&amp;apos; is clicked on</message>
  <nestedLevel>2</nestedLevel>
</record>
<record>
  <date>2019-10-21T20:37:05</date>
  <millis>1571670425796</millis>
  <sequence>304</sequence>
  <level>END</level>
  <class>com.kms.katalon.core.logging.XmlKeywordLogger</class>
  <method>endKeyword</method>
  <thread>1</thread>
  <message>End action : click(findTestObject(\&amp;quot;SELL_Dialog_Objs/span_Day\&amp;quot;))</message>
  <nestedLevel>1</nestedLevel>
</record>
<record>
  <date>2019-10-21T20:37:05</date>
  <millis>1571670425796</millis>
  <sequence>305</sequence>
  <level>START</level>
  <class>com.kms.katalon.core.logging.XmlKeywordLogger</class>
  <method>startKeyword</method>
  <thread>1</thread>
  <message>Start action : click(findTestObject(\&amp;quot;SELL_Dialog_Objs/a_DAY\&amp;quot;))</message>
  <nestedLevel>1</nestedLevel>
  <property name="startLine">56</property>
  <property name="stepIndex">14</property>
</record>
<record>
  <date>2019-10-21T20:37:05</date>
  <millis>1571670425900</millis>
  <sequence>312</sequence>
  <level>PASSED</level>
  <class>com.kms.katalon.core.logging.XmlKeywordLogger</class>
  <method>logMessage</method>
  <thread>1</thread>
  <message>Object: &amp;apos;Object Repository/SELL_Dialog_Objs/a_DAY&amp;apos; is clicked on</message>
  <nestedLevel>2</nestedLevel>
</record>
<record>
  <date>2019-10-21T20:37:05</date>
  <millis>1571670425900</millis>
  <sequence>313</sequence>
  <level>END</level>
  <class>com.kms.katalon.core.logging.XmlKeywordLogger</class>
  <method>endKeyword</method>
  <thread>1</thread>
  <message>End action : click(findTestObject(\&amp;quot;SELL_Dialog_Objs/a_DAY\&amp;quot;))</message>
  <nestedLevel>1</nestedLevel>
</record>
<record>
  <date>2019-10-21T20:37:05</date>
  <millis>1571670425901</millis>
  <sequence>314</sequence>
  <level>START</level>
  <class>com.kms.katalon.core.logging.XmlKeywordLogger</class>
  <method>startKeyword</method>
  <thread>1</thread>
  <message>Start action : setText(findTestObject(\&amp;quot;SELL_Dialog_Objs/input_Symbol_txtBSCompSearch\&amp;quot;), Symbol)</message>
  <nestedLevel>1</nestedLevel>
  <property name="startLine">58</property>
  <property name="stepIndex">15</property>
</record>
<record>
  <date>2019-10-21T20:37:06</date>
  <millis>1571670426203</millis>
  <sequence>323</sequence>
  <level>PASSED</level>
  <class>com.kms.katalon.core.logging.XmlKeywordLogger</class>
  <method>logMessage</method>
  <thread>1</thread>
  <message>Text &amp;apos;Yes Bank&amp;apos; is set on object &amp;apos;Object Repository/SELL_Dialog_Objs/input_Symbol_txtBSCompSearch&amp;apos;</message>
  <nestedLevel>2</nestedLevel>
</record>
<record>
  <date>2019-10-21T20:37:06</date>
  <millis>1571670426204</millis>
  <sequence>324</sequence>
  <level>END</level>
  <class>com.kms.katalon.core.logging.XmlKeywordLogger</class>
  <method>endKeyword</method>
  <thread>1</thread>
  <message>End action : setText(findTestObject(\&amp;quot;SELL_Dialog_Objs/input_Symbol_txtBSCompSearch\&amp;quot;), Symbol)</message>
  <nestedLevel>1</nestedLevel>
</record>
<record>
  <date>2019-10-21T20:37:06</date>
  <millis>1571670426204</millis>
  <sequence>325</sequence>
  <level>START</level>
  <class>com.kms.katalon.core.logging.XmlKeywordLogger</class>
  <method>startKeyword</method>
  <thread>1</thread>
  <message>Start action : setText(findTestObject(\&amp;quot;SELL_Dialog_Objs/input_Quantity_txtQuantity\&amp;quot;), Quantity)</message>
  <nestedLevel>1</nestedLevel>
  <property name="startLine">60</property>
  <property name="stepIndex">16</property>
</record>
<record>
  <date>2019-10-21T20:37:06</date>
  <millis>1571670426329</millis>
  <sequence>334</sequence>
  <level>PASSED</level>
  <class>com.kms.katalon.core.logging.XmlKeywordLogger</class>
  <method>logMessage</method>
  <thread>1</thread>
  <message>Text &amp;apos;1&amp;apos; is set on object &amp;apos;Object Repository/SELL_Dialog_Objs/input_Quantity_txtQuantity&amp;apos;</message>
  <nestedLevel>2</nestedLevel>
</record>
<record>
  <date>2019-10-21T20:37:06</date>
  <millis>1571670426330</millis>
  <sequence>335</sequence>
  <level>END</level>
  <class>com.kms.katalon.core.logging.XmlKeywordLogger</class>
  <method>endKeyword</method>
  <thread>1</thread>
  <message>End action : setText(findTestObject(\&amp;quot;SELL_Dialog_Objs/input_Quantity_txtQuantity\&amp;quot;), Quantity)</message>
  <nestedLevel>1</nestedLevel>
</record>
<record>
  <date>2019-10-21T20:37:06</date>
  <millis>1571670426330</millis>
  <sequence>336</sequence>
  <level>START</level>
  <class>com.kms.katalon.core.logging.XmlKeywordLogger</class>
  <method>startKeyword</method>
  <thread>1</thread>
  <message>Start action : setText(findTestObject(\&amp;quot;SELL_Dialog_Objs/input_Price_txtPrice\&amp;quot;), Price)</message>
  <nestedLevel>1</nestedLevel>
  <property name="startLine">62</property>
  <property name="stepIndex">17</property>
</record>
<record>
  <date>2019-10-21T20:37:06</date>
  <millis>1571670426437</millis>
  <sequence>345</sequence>
  <level>PASSED</level>
  <class>com.kms.katalon.core.logging.XmlKeywordLogger</class>
  <method>logMessage</method>
  <thread>1</thread>
  <message>Text &amp;apos;40&amp;apos; is set on object &amp;apos;Object Repository/SELL_Dialog_Objs/input_Price_txtPrice&amp;apos;</message>
  <nestedLevel>2</nestedLevel>
</record>
<record>
  <date>2019-10-21T20:37:06</date>
  <millis>1571670426437</millis>
  <sequence>346</sequence>
  <level>END</level>
  <class>com.kms.katalon.core.logging.XmlKeywordLogger</class>
  <method>endKeyword</method>
  <thread>1</thread>
  <message>End action : setText(findTestObject(\&amp;quot;SELL_Dialog_Objs/input_Price_txtPrice\&amp;quot;), Price)</message>
  <nestedLevel>1</nestedLevel>
</record>
<record>
  <date>2019-10-21T20:37:06</date>
  <millis>1571670426438</millis>
  <sequence>347</sequence>
  <level>START</level>
  <class>com.kms.katalon.core.logging.XmlKeywordLogger</class>
  <method>startKeyword</method>
  <thread>1</thread>
  <message>Start action : setText(findTestObject(\&amp;quot;SELL_Dialog_Objs/input_Disc Qty_txtDiscQuantity\&amp;quot;), Disc_Qty)</message>
  <nestedLevel>1</nestedLevel>
  <property name="startLine">64</property>
  <property name="stepIndex">18</property>
</record>
<record>
  <date>2019-10-21T20:37:06</date>
  <millis>1571670426699</millis>
  <sequence>356</sequence>
  <level>PASSED</level>
  <class>com.kms.katalon.core.logging.XmlKeywordLogger</class>
  <method>logMessage</method>
  <thread>1</thread>
  <message>Text &amp;apos;&amp;apos; is set on object &amp;apos;Object Repository/SELL_Dialog_Objs/input_Disc Qty_txtDiscQuantity&amp;apos;</message>
  <nestedLevel>2</nestedLevel>
</record>
<record>
  <date>2019-10-21T20:37:06</date>
  <millis>1571670426700</millis>
  <sequence>357</sequence>
  <level>END</level>
  <class>com.kms.katalon.core.logging.XmlKeywordLogger</class>
  <method>endKeyword</method>
  <thread>1</thread>
  <message>End action : setText(findTestObject(\&amp;quot;SELL_Dialog_Objs/input_Disc Qty_txtDiscQuantity\&amp;quot;), Disc_Qty)</message>
  <nestedLevel>1</nestedLevel>
</record>
<record>
  <date>2019-10-21T20:37:06</date>
  <millis>1571670426700</millis>
  <sequence>358</sequence>
  <level>START</level>
  <class>com.kms.katalon.core.logging.XmlKeywordLogger</class>
  <method>startKeyword</method>
  <thread>1</thread>
  <message>Start action : click(findTestObject(\&amp;quot;SELL_Dialog_Objs/a_Cancel\&amp;quot;))</message>
  <nestedLevel>1</nestedLevel>
  <property name="startLine">66</property>
  <property name="stepIndex">19</property>
</record>
<record>
  <date>2019-10-21T20:37:07</date>
  <millis>1571670427043</millis>
  <sequence>365</sequence>
  <level>PASSED</level>
  <class>com.kms.katalon.core.logging.XmlKeywordLogger</class>
  <method>logMessage</method>
  <thread>1</thread>
  <message>Object: &amp;apos;Object Repository/SELL_Dialog_Objs/a_Cancel&amp;apos; is clicked on</message>
  <nestedLevel>2</nestedLevel>
</record>
<record>
  <date>2019-10-21T20:37:07</date>
  <millis>1571670427043</millis>
  <sequence>366</sequence>
  <level>END</level>
  <class>com.kms.katalon.core.logging.XmlKeywordLogger</class>
  <method>endKeyword</method>
  <thread>1</thread>
  <message>End action : click(findTestObject(\&amp;quot;SELL_Dialog_Objs/a_Cancel\&amp;quot;))</message>
  <nestedLevel>1</nestedLevel>
</record>
<record>
  <date>2019-10-21T20:37:07</date>
  <millis>1571670427043</millis>
  <sequence>367</sequence>
  <level>PASSED</level>
  <class>com.kms.katalon.core.logging.XmlKeywordLogger</class>
  <method>logMessage</method>
  <thread>1</thread>
  <message>Test Cases/Utility/Sell_Limit_Intra_Normal_Stoploss</message>
  <nestedLevel>2</nestedLevel>
</record>
<record>
  <date>2019-10-21T20:37:07</date>
  <millis>1571670427044</millis>
  <sequence>368</sequence>
  <level>END</level>
  <class>com.kms.katalon.core.logging.XmlKeywordLogger</class>
  <method>endTest</method>
  <thread>1</thread>
  <message>End Test Case : Test Cases/Utility/Sell_Limit_Intra_Normal_Stoploss</message>
  <nestedLevel>1</nestedLevel>
</record>
<record>
  <date>2019-10-21T20:37:07</date>
  <millis>1571670427044</millis>
  <sequence>369</sequence>
  <level>PASSED</level>
  <class>com.kms.katalon.core.logging.XmlKeywordLogger</class>
  <method>logMessage</method>
  <thread>1</thread>
  <message>Call Test Case &amp;apos;Test Cases/Utility/Sell_Limit_Intra_Normal_Stoploss&amp;apos; successfully</message>
  <nestedLevel>1</nestedLevel>
</record>
<record>
  <date>2019-10-21T20:37:07</date>
  <millis>1571670427045</millis>
  <sequence>370</sequence>
  <level>END</level>
  <class>com.kms.katalon.core.logging.XmlKeywordLogger</class>
  <method>endKeyword</method>
  <thread>1</thread>
  <message>End action : callTestCase(findTestCase(\&amp;quot;Utility/Sell_Limit_Intra_Normal_Stoploss\&amp;quot;), [\&amp;quot;OrderType_Sell_Buy\&amp;quot;:OrderType_Sell_Buy, \&amp;quot;OrderType_Normal_Stoploss\&amp;quot;:OrderType_Normal_Stoploss, \&amp;quot;TriggerPrice\&amp;quot;:TriggerPrice, ... ], STOP_ON_FAILURE)</message>
  <nestedLevel>3</nestedLevel>
</record>
<record>
  <date>2019-10-21T20:37:07</date>
  <millis>1571670427045</millis>
  <sequence>371</sequence>
  <level>END</level>
  <class>com.kms.katalon.core.logging.XmlKeywordLogger</class>
  <method>endKeyword</method>
  <thread>1</thread>
  <message>End action : if (OrderType_Sell_Buy.equalsIgnoreCase(\&amp;quot;sell\&amp;quot;))</message>
  <nestedLevel>2</nestedLevel>
</record>
<record>
  <date>2019-10-21T20:37:07</date>
  <millis>1571670427045</millis>
  <sequence>372</sequence>
  <level>START</level>
  <class>com.kms.katalon.core.logging.XmlKeywordLogger</class>
  <method>startKeyword</method>
  <thread>1</thread>
  <message>Start action : OrderType_Sell_Buy = findTestData(\&amp;quot;Data Files/Orders\&amp;quot;).getValue(1, i)</message>
  <nestedLevel>2</nestedLevel>
  <property name="startLine">26</property>
  <property name="stepIndex">1</property>
</record>
<record>
  <date>2019-10-21T20:37:07</date>
  <millis>1571670427086</millis>
  <sequence>377</sequence>
  <level>END</level>
  <class>com.kms.katalon.core.logging.XmlKeywordLogger</class>
  <method>endKeyword</method>
  <thread>1</thread>
  <message>End action : OrderType_Sell_Buy = findTestData(\&amp;quot;Data Files/Orders\&amp;quot;).getValue(1, i)</message>
  <nestedLevel>2</nestedLevel>
</record>
<record>
  <date>2019-10-21T20:37:07</date>
  <millis>1571670427086</millis>
  <sequence>378</sequence>
  <level>START</level>
  <class>com.kms.katalon.core.logging.XmlKeywordLogger</class>
  <method>startKeyword</method>
  <thread>1</thread>
  <message>Start action : Symbol = findTestData(\&amp;quot;Data Files/Orders\&amp;quot;).getValue(2, i)</message>
  <nestedLevel>2</nestedLevel>
  <property name="startLine">28</property>
  <property name="stepIndex">2</property>
</record>
<record>
  <date>2019-10-21T20:37:07</date>
  <millis>1571670427150</millis>
  <sequence>383</sequence>
  <level>END</level>
  <class>com.kms.katalon.core.logging.XmlKeywordLogger</class>
  <method>endKeyword</method>
  <thread>1</thread>
  <message>End action : Symbol = findTestData(\&amp;quot;Data Files/Orders\&amp;quot;).getValue(2, i)</message>
  <nestedLevel>2</nestedLevel>
</record>
<record>
  <date>2019-10-21T20:37:07</date>
  <millis>1571670427150</millis>
  <sequence>384</sequence>
  <level>START</level>
  <class>com.kms.katalon.core.logging.XmlKeywordLogger</class>
  <method>startKeyword</method>
  <thread>1</thread>
  <message>Start action : Quantity = findTestData(\&amp;quot;Data Files/Orders\&amp;quot;).getValue(3, i)</message>
  <nestedLevel>2</nestedLevel>
  <property name="startLine">30</property>
  <property name="stepIndex">3</property>
</record>
<record>
  <date>2019-10-21T20:37:07</date>
  <millis>1571670427200</millis>
  <sequence>389</sequence>
  <level>END</level>
  <class>com.kms.katalon.core.logging.XmlKeywordLogger</class>
  <method>endKeyword</method>
  <thread>1</thread>
  <message>End action : Quantity = findTestData(\&amp;quot;Data Files/Orders\&amp;quot;).getValue(3, i)</message>
  <nestedLevel>2</nestedLevel>
</record>
<record>
  <date>2019-10-21T20:37:07</date>
  <millis>1571670427200</millis>
  <sequence>390</sequence>
  <level>START</level>
  <class>com.kms.katalon.core.logging.XmlKeywordLogger</class>
  <method>startKeyword</method>
  <thread>1</thread>
  <message>Start action : Price = findTestData(\&amp;quot;Data Files/Orders\&amp;quot;).getValue(4, i)</message>
  <nestedLevel>2</nestedLevel>
  <property name="startLine">32</property>
  <property name="stepIndex">4</property>
</record>
<record>
  <date>2019-10-21T20:37:07</date>
  <millis>1571670427248</millis>
  <sequence>395</sequence>
  <level>END</level>
  <class>com.kms.katalon.core.logging.XmlKeywordLogger</class>
  <method>endKeyword</method>
  <thread>1</thread>
  <message>End action : Price = findTestData(\&amp;quot;Data Files/Orders\&amp;quot;).getValue(4, i)</message>
  <nestedLevel>2</nestedLevel>
</record>
<record>
  <date>2019-10-21T20:37:07</date>
  <millis>1571670427248</millis>
  <sequence>396</sequence>
  <level>START</level>
  <class>com.kms.katalon.core.logging.XmlKeywordLogger</class>
  <method>startKeyword</method>
  <thread>1</thread>
  <message>Start action : TriggerPrice = findTestData(\&amp;quot;Data Files/Orders\&amp;quot;).getValue(5, i)</message>
  <nestedLevel>2</nestedLevel>
  <property name="startLine">34</property>
  <property name="stepIndex">5</property>
</record>
<record>
  <date>2019-10-21T20:37:07</date>
  <millis>1571670427309</millis>
  <sequence>401</sequence>
  <level>END</level>
  <class>com.kms.katalon.core.logging.XmlKeywordLogger</class>
  <method>endKeyword</method>
  <thread>1</thread>
  <message>End action : TriggerPrice = findTestData(\&amp;quot;Data Files/Orders\&amp;quot;).getValue(5, i)</message>
  <nestedLevel>2</nestedLevel>
</record>
<record>
  <date>2019-10-21T20:37:07</date>
  <millis>1571670427309</millis>
  <sequence>402</sequence>
  <level>START</level>
  <class>com.kms.katalon.core.logging.XmlKeywordLogger</class>
  <method>startKeyword</method>
  <thread>1</thread>
  <message>Start action : OrderType_Normal_Stoploss = findTestData(\&amp;quot;Data Files/Orders\&amp;quot;).getValue(6, i)</message>
  <nestedLevel>2</nestedLevel>
  <property name="startLine">36</property>
  <property name="stepIndex">6</property>
</record>
<record>
  <date>2019-10-21T20:37:07</date>
  <millis>1571670427338</millis>
  <sequence>407</sequence>
  <level>END</level>
  <class>com.kms.katalon.core.logging.XmlKeywordLogger</class>
  <method>endKeyword</method>
  <thread>1</thread>
  <message>End action : OrderType_Normal_Stoploss = findTestData(\&amp;quot;Data Files/Orders\&amp;quot;).getValue(6, i)</message>
  <nestedLevel>2</nestedLevel>
</record>
<record>
  <date>2019-10-21T20:37:07</date>
  <millis>1571670427340</millis>
  <sequence>408</sequence>
  <level>START</level>
  <class>com.kms.katalon.core.logging.XmlKeywordLogger</class>
  <method>startKeyword</method>
  <thread>1</thread>
  <message>Start action : PriceType_L_SL = findTestData(\&amp;quot;Data Files/Orders\&amp;quot;).getValue(7, i)</message>
  <nestedLevel>2</nestedLevel>
  <property name="startLine">38</property>
  <property name="stepIndex">7</property>
</record>
<record>
  <date>2019-10-21T20:37:07</date>
  <millis>1571670427374</millis>
  <sequence>413</sequence>
  <level>END</level>
  <class>com.kms.katalon.core.logging.XmlKeywordLogger</class>
  <method>endKeyword</method>
  <thread>1</thread>
  <message>End action : PriceType_L_SL = findTestData(\&amp;quot;Data Files/Orders\&amp;quot;).getValue(7, i)</message>
  <nestedLevel>2</nestedLevel>
</record>
<record>
  <date>2019-10-21T20:37:07</date>
  <millis>1571670427374</millis>
  <sequence>414</sequence>
  <level>START</level>
  <class>com.kms.katalon.core.logging.XmlKeywordLogger</class>
  <method>startKeyword</method>
  <thread>1</thread>
  <message>Start action : println(\&amp;quot;Row No \&amp;quot; + i + \&amp;quot; || order \&amp;quot; + OrderType_Sell_Buy)</message>
  <nestedLevel>2</nestedLevel>
  <property name="startLine">40</property>
  <property name="stepIndex">8</property>
</record>
<record>
  <date>2019-10-21T20:37:07</date>
  <millis>1571670427376</millis>
  <sequence>415</sequence>
  <level>END</level>
  <class>com.kms.katalon.core.logging.XmlKeywordLogger</class>
  <method>endKeyword</method>
  <thread>1</thread>
  <message>End action : println(\&amp;quot;Row No \&amp;quot; + i + \&amp;quot; || order \&amp;quot; + OrderType_Sell_Buy)</message>
  <nestedLevel>2</nestedLevel>
</record>
<record>
  <date>2019-10-21T20:37:07</date>
  <millis>1571670427376</millis>
  <sequence>416</sequence>
  <level>START</level>
  <class>com.kms.katalon.core.logging.XmlKeywordLogger</class>
  <method>startKeyword</method>
  <thread>1</thread>
  <message>Start action : if (OrderType_Sell_Buy.equalsIgnoreCase(\&amp;quot;sell\&amp;quot;))</message>
  <nestedLevel>2</nestedLevel>
  <property name="startLine">42</property>
  <property name="stepIndex">9</property>
</record>
<record>
  <date>2019-10-21T20:37:07</date>
  <millis>1571670427377</millis>
  <sequence>417</sequence>
  <level>END</level>
  <class>com.kms.katalon.core.logging.XmlKeywordLogger</class>
  <method>endKeyword</method>
  <thread>1</thread>
  <message>End action : if (OrderType_Sell_Buy.equalsIgnoreCase(\&amp;quot;sell\&amp;quot;))</message>
  <nestedLevel>2</nestedLevel>
</record>
<record>
  <date>2019-10-21T20:37:07</date>
  <millis>1571670427377</millis>
  <sequence>418</sequence>
  <level>START</level>
  <class>com.kms.katalon.core.logging.XmlKeywordLogger</class>
  <method>startKeyword</method>
  <thread>1</thread>
  <message>Start action : else</message>
  <nestedLevel>2</nestedLevel>
  <property name="startLine">47</property>
  <property name="stepIndex">10</property>
</record>
<record>
  <date>2019-10-21T20:37:07</date>
  <millis>1571670427378</millis>
  <sequence>419</sequence>
  <level>START</level>
  <class>com.kms.katalon.core.logging.XmlKeywordLogger</class>
  <method>startKeyword</method>
  <thread>1</thread>
  <message>Start action : callTestCase(findTestCase(\&amp;quot;Utility/Buy_Limit_Intra_Normal_Stoploss\&amp;quot;), [\&amp;quot;OrderType_Sell_Buy\&amp;quot;:OrderType_Sell_Buy, \&amp;quot;OrderType_Normal_Stoploss\&amp;quot;:OrderType_Normal_Stoploss, \&amp;quot;TriggerPrice\&amp;quot;:TriggerPrice, ... ], STOP_ON_FAILURE)</message>
  <nestedLevel>3</nestedLevel>
  <property name="startLine">48</property>
  <property name="stepIndex">1</property>
</record>
<record>
  <date>2019-10-21T20:37:07</date>
  <millis>1571670427437</millis>
  <sequence>422</sequence>
  <level>START</level>
  <class>com.kms.katalon.core.logging.XmlKeywordLogger</class>
  <method>startTest</method>
  <thread>1</thread>
  <message>Start Test Case : Test Cases/Utility/Buy_Limit_Intra_Normal_Stoploss</message>
  <nestedLevel>2</nestedLevel>
  <property name="name">Test Cases/Utility/Buy_Limit_Intra_Normal_Stoploss</property>
  <property name="description"></property>
  <property name="id">Test Cases/Utility/Buy_Limit_Intra_Normal_Stoploss</property>
  <property name="source">C:\\Users\\Chandra-Kautilya\\Katalon Studio\\AB_Framework\\Test Cases\\Utility\\Buy_Limit_Intra_Normal_Stoploss.tc</property>
  <property name="tag"></property>
  <property name="isOptional">false</property>
</record>
<record>
  <date>2019-10-21T20:37:07</date>
  <millis>1571670427449</millis>
  <sequence>424</sequence>
  <level>INFO</level>
  <class>com.kms.katalon.core.logging.XmlKeywordLogger</class>
  <method>logMessage</method>
  <thread>1</thread>
  <message>OrderType_Sell_Buy = buy</message>
  <nestedLevel>2</nestedLevel>
</record>
<record>
  <date>2019-10-21T20:37:07</date>
  <millis>1571670427452</millis>
  <sequence>425</sequence>
  <level>INFO</level>
  <class>com.kms.katalon.core.logging.XmlKeywordLogger</class>
  <method>logMessage</method>
  <thread>1</thread>
  <message>OrderType_Normal_Stoploss = SL</message>
  <nestedLevel>2</nestedLevel>
</record>
<record>
  <date>2019-10-21T20:37:07</date>
  <millis>1571670427453</millis>
  <sequence>426</sequence>
  <level>INFO</level>
  <class>com.kms.katalon.core.logging.XmlKeywordLogger</class>
  <method>logMessage</method>
  <thread>1</thread>
  <message>TriggerPrice = 1</message>
  <nestedLevel>2</nestedLevel>
</record>
<record>
  <date>2019-10-21T20:37:07</date>
  <millis>1571670427453</millis>
  <sequence>427</sequence>
  <level>INFO</level>
  <class>com.kms.katalon.core.logging.XmlKeywordLogger</class>
  <method>logMessage</method>
  <thread>1</thread>
  <message>Symbol = SBI Life</message>
  <nestedLevel>2</nestedLevel>
</record>
<record>
  <date>2019-10-21T20:37:07</date>
  <millis>1571670427453</millis>
  <sequence>428</sequence>
  <level>INFO</level>
  <class>com.kms.katalon.core.logging.XmlKeywordLogger</class>
  <method>logMessage</method>
  <thread>1</thread>
  <message>Quantity = 1</message>
  <nestedLevel>2</nestedLevel>
</record>
<record>
  <date>2019-10-21T20:37:07</date>
  <millis>1571670427455</millis>
  <sequence>429</sequence>
  <level>INFO</level>
  <class>com.kms.katalon.core.logging.XmlKeywordLogger</class>
  <method>logMessage</method>
  <thread>1</thread>
  <message>Price = 1</message>
  <nestedLevel>2</nestedLevel>
</record>
<record>
  <date>2019-10-21T20:37:07</date>
  <millis>1571670427456</millis>
  <sequence>430</sequence>
  <level>INFO</level>
  <class>com.kms.katalon.core.logging.XmlKeywordLogger</class>
  <method>logMessage</method>
  <thread>1</thread>
  <message>Disc_Qty = </message>
  <nestedLevel>2</nestedLevel>
</record>
<record>
  <date>2019-10-21T20:37:07</date>
  <millis>1571670427782</millis>
  <sequence>431</sequence>
  <level>INFO</level>
  <class>com.kms.katalon.core.logging.XmlKeywordLogger</class>
  <method>logMessage</method>
  <thread>1</thread>
  <message>(Default) PriceType_L_SL = </message>
  <nestedLevel>2</nestedLevel>
</record>
<record>
  <date>2019-10-21T20:37:08</date>
  <millis>1571670428252</millis>
  <sequence>432</sequence>
  <level>START</level>
  <class>com.kms.katalon.core.logging.XmlKeywordLogger</class>
  <method>startKeyword</method>
  <thread>1</thread>
  <message>Start action : click(findTestObject(\&amp;quot;ToMarket/a_Buy\&amp;quot;))</message>
  <nestedLevel>1</nestedLevel>
  <property name="startLine">17</property>
  <property name="stepIndex">1</property>
</record>
